# ./configure --target=arm64-darwin20-gcc --enable-vp8 --enable-vp9 --enable-vp9-highbitdepth --enable-postproc --enable-vp9-postproc --enable-multithread --enable-runtime-cpu-detect --disable-unit-tests --disable-docs --disable-tools
Configuring for target 'arm64-darwin20-gcc'
  enabling arm64
check_cpp
BEGIN /var/folders/5_/y4f_1k690s11wbvrfg0tf09h0000gn/T//vpx-conf-5325-16814.c
     1	#if !(__pie__ || __PIE__)
     2	#error Neither __pie__ or __PIE__ are set
     3	#endif
END /var/folders/5_/y4f_1k690s11wbvrfg0tf09h0000gn/T//vpx-conf-5325-16814.c
-E -o /var/folders/5_/y4f_1k690s11wbvrfg0tf09h0000gn/T//vpx-conf-5325-16814.o /var/folders/5_/y4f_1k690s11wbvrfg0tf09h0000gn/T//vpx-conf-5325-16814.c
./build/make/configure.sh: line 298: -E: command not found
  enabling pic
check_cxxflags -march=armv8-a
check_cxx -Werror -march=armv8-a
BEGIN /var/folders/5_/y4f_1k690s11wbvrfg0tf09h0000gn/T//vpx-conf-5325-16814.cc
     1	int x;
END /var/folders/5_/y4f_1k690s11wbvrfg0tf09h0000gn/T//vpx-conf-5325-16814.cc
g++ -isysroot /Library/Developer/CommandLineTools/SDKs/MacOSX.sdk -arch arm64 -Werror -march=armv8-a -c -o /var/folders/5_/y4f_1k690s11wbvrfg0tf09h0000gn/T//vpx-conf-5325-16814.o /var/folders/5_/y4f_1k690s11wbvrfg0tf09h0000gn/T//vpx-conf-5325-16814.cc
check_cflags -march=armv8-a
check_cc -Werror -march=armv8-a
BEGIN /var/folders/5_/y4f_1k690s11wbvrfg0tf09h0000gn/T//vpx-conf-5325-16814.c
     1	int x;
END /var/folders/5_/y4f_1k690s11wbvrfg0tf09h0000gn/T//vpx-conf-5325-16814.c
gcc -isysroot /Library/Developer/CommandLineTools/SDKs/MacOSX.sdk -arch arm64 -Werror -march=armv8-a -c -o /var/folders/5_/y4f_1k690s11wbvrfg0tf09h0000gn/T//vpx-conf-5325-16814.o /var/folders/5_/y4f_1k690s11wbvrfg0tf09h0000gn/T//vpx-conf-5325-16814.c
add_asflags -march=armv8-a
check_cflags -march=armv8-a
check_cc -Werror -march=armv8-a
BEGIN /var/folders/5_/y4f_1k690s11wbvrfg0tf09h0000gn/T//vpx-conf-5325-16814.c
     1	int x;
END /var/folders/5_/y4f_1k690s11wbvrfg0tf09h0000gn/T//vpx-conf-5325-16814.c
gcc -isysroot /Library/Developer/CommandLineTools/SDKs/MacOSX.sdk -arch arm64 -march=armv8-a -Werror -march=armv8-a -c -o /var/folders/5_/y4f_1k690s11wbvrfg0tf09h0000gn/T//vpx-conf-5325-16814.o /var/folders/5_/y4f_1k690s11wbvrfg0tf09h0000gn/T//vpx-conf-5325-16814.c
  enabling neon
check_cflags -march=armv8.2-a+dotprod
check_cc -Werror -march=armv8.2-a+dotprod
BEGIN /var/folders/5_/y4f_1k690s11wbvrfg0tf09h0000gn/T//vpx-conf-5325-16814.c
     1	int x;
END /var/folders/5_/y4f_1k690s11wbvrfg0tf09h0000gn/T//vpx-conf-5325-16814.c
gcc -isysroot /Library/Developer/CommandLineTools/SDKs/MacOSX.sdk -arch arm64 -march=armv8-a -Werror -march=armv8.2-a+dotprod -c -o /var/folders/5_/y4f_1k690s11wbvrfg0tf09h0000gn/T//vpx-conf-5325-16814.o /var/folders/5_/y4f_1k690s11wbvrfg0tf09h0000gn/T//vpx-conf-5325-16814.c
  enabling neon_dotprod
check_cflags -march=armv8.2-a+dotprod+i8mm
check_cc -Werror -march=armv8.2-a+dotprod+i8mm
BEGIN /var/folders/5_/y4f_1k690s11wbvrfg0tf09h0000gn/T//vpx-conf-5325-16814.c
     1	int x;
END /var/folders/5_/y4f_1k690s11wbvrfg0tf09h0000gn/T//vpx-conf-5325-16814.c
gcc -isysroot /Library/Developer/CommandLineTools/SDKs/MacOSX.sdk -arch arm64 -march=armv8-a -Werror -march=armv8.2-a+dotprod+i8mm -c -o /var/folders/5_/y4f_1k690s11wbvrfg0tf09h0000gn/T//vpx-conf-5325-16814.o /var/folders/5_/y4f_1k690s11wbvrfg0tf09h0000gn/T//vpx-conf-5325-16814.c
  enabling neon_i8mm
check_cflags -march=armv8.2-a+dotprod+i8mm+sve
check_cc -Werror -march=armv8.2-a+dotprod+i8mm+sve
BEGIN /var/folders/5_/y4f_1k690s11wbvrfg0tf09h0000gn/T//vpx-conf-5325-16814.c
     1	int x;
END /var/folders/5_/y4f_1k690s11wbvrfg0tf09h0000gn/T//vpx-conf-5325-16814.c
gcc -isysroot /Library/Developer/CommandLineTools/SDKs/MacOSX.sdk -arch arm64 -march=armv8-a -Werror -march=armv8.2-a+dotprod+i8mm+sve -c -o /var/folders/5_/y4f_1k690s11wbvrfg0tf09h0000gn/T//vpx-conf-5325-16814.o /var/folders/5_/y4f_1k690s11wbvrfg0tf09h0000gn/T//vpx-conf-5325-16814.c
  enabling sve
check_cflags -march=armv9-a+sve2
check_cc -Werror -march=armv9-a+sve2
BEGIN /var/folders/5_/y4f_1k690s11wbvrfg0tf09h0000gn/T//vpx-conf-5325-16814.c
     1	int x;
END /var/folders/5_/y4f_1k690s11wbvrfg0tf09h0000gn/T//vpx-conf-5325-16814.c
gcc -isysroot /Library/Developer/CommandLineTools/SDKs/MacOSX.sdk -arch arm64 -march=armv8-a -Werror -march=armv9-a+sve2 -c -o /var/folders/5_/y4f_1k690s11wbvrfg0tf09h0000gn/T//vpx-conf-5325-16814.o /var/folders/5_/y4f_1k690s11wbvrfg0tf09h0000gn/T//vpx-conf-5325-16814.c
  enabling sve2
check_cc -march=armv8.2-a+dotprod+i8mm+sve
BEGIN /var/folders/5_/y4f_1k690s11wbvrfg0tf09h0000gn/T//vpx-conf-5325-16814.c
     1	#ifndef __ARM_NEON_SVE_BRIDGE
     2	#error 1
     3	#endif
     4	#include <arm_sve.h>
     5	#include <arm_neon_sve_bridge.h>
END /var/folders/5_/y4f_1k690s11wbvrfg0tf09h0000gn/T//vpx-conf-5325-16814.c
gcc -isysroot /Library/Developer/CommandLineTools/SDKs/MacOSX.sdk -arch arm64 -march=armv8-a -march=armv8.2-a+dotprod+i8mm+sve -c -o /var/folders/5_/y4f_1k690s11wbvrfg0tf09h0000gn/T//vpx-conf-5325-16814.o /var/folders/5_/y4f_1k690s11wbvrfg0tf09h0000gn/T//vpx-conf-5325-16814.c
check_cc -march=armv8.2-a+dotprod+i8mm+sve
BEGIN /var/folders/5_/y4f_1k690s11wbvrfg0tf09h0000gn/T//vpx-conf-5325-16814.c
     1	#include <arm_sve.h>
     2	void other(void);
     3	svfloat32_t func(svfloat32_t a) {
     4	  other();
     5	  return a;
     6	}
END /var/folders/5_/y4f_1k690s11wbvrfg0tf09h0000gn/T//vpx-conf-5325-16814.c
gcc -isysroot /Library/Developer/CommandLineTools/SDKs/MacOSX.sdk -arch arm64 -march=armv8-a -march=armv8.2-a+dotprod+i8mm+sve -c -o /var/folders/5_/y4f_1k690s11wbvrfg0tf09h0000gn/T//vpx-conf-5325-16814.o /var/folders/5_/y4f_1k690s11wbvrfg0tf09h0000gn/T//vpx-conf-5325-16814.c
check_cxxflags -DNDEBUG
check_cxx -Werror -DNDEBUG
BEGIN /var/folders/5_/y4f_1k690s11wbvrfg0tf09h0000gn/T//vpx-conf-5325-16814.cc
     1	int x;
END /var/folders/5_/y4f_1k690s11wbvrfg0tf09h0000gn/T//vpx-conf-5325-16814.cc
g++ -isysroot /Library/Developer/CommandLineTools/SDKs/MacOSX.sdk -arch arm64 -march=armv8-a -Werror -DNDEBUG -c -o /var/folders/5_/y4f_1k690s11wbvrfg0tf09h0000gn/T//vpx-conf-5325-16814.o /var/folders/5_/y4f_1k690s11wbvrfg0tf09h0000gn/T//vpx-conf-5325-16814.cc
check_cflags -DNDEBUG
check_cc -Werror -DNDEBUG
BEGIN /var/folders/5_/y4f_1k690s11wbvrfg0tf09h0000gn/T//vpx-conf-5325-16814.c
     1	int x;
END /var/folders/5_/y4f_1k690s11wbvrfg0tf09h0000gn/T//vpx-conf-5325-16814.c
gcc -isysroot /Library/Developer/CommandLineTools/SDKs/MacOSX.sdk -arch arm64 -march=armv8-a -Werror -DNDEBUG -c -o /var/folders/5_/y4f_1k690s11wbvrfg0tf09h0000gn/T//vpx-conf-5325-16814.o /var/folders/5_/y4f_1k690s11wbvrfg0tf09h0000gn/T//vpx-conf-5325-16814.c
check_cxxflags -O3
check_cxx -Werror -O3
BEGIN /var/folders/5_/y4f_1k690s11wbvrfg0tf09h0000gn/T//vpx-conf-5325-16814.cc
     1	int x;
END /var/folders/5_/y4f_1k690s11wbvrfg0tf09h0000gn/T//vpx-conf-5325-16814.cc
g++ -isysroot /Library/Developer/CommandLineTools/SDKs/MacOSX.sdk -arch arm64 -march=armv8-a -DNDEBUG -Werror -O3 -c -o /var/folders/5_/y4f_1k690s11wbvrfg0tf09h0000gn/T//vpx-conf-5325-16814.o /var/folders/5_/y4f_1k690s11wbvrfg0tf09h0000gn/T//vpx-conf-5325-16814.cc
check_cflags -O3
check_cc -Werror -O3
BEGIN /var/folders/5_/y4f_1k690s11wbvrfg0tf09h0000gn/T//vpx-conf-5325-16814.c
     1	int x;
END /var/folders/5_/y4f_1k690s11wbvrfg0tf09h0000gn/T//vpx-conf-5325-16814.c
gcc -isysroot /Library/Developer/CommandLineTools/SDKs/MacOSX.sdk -arch arm64 -march=armv8-a -DNDEBUG -Werror -O3 -c -o /var/folders/5_/y4f_1k690s11wbvrfg0tf09h0000gn/T//vpx-conf-5325-16814.o /var/folders/5_/y4f_1k690s11wbvrfg0tf09h0000gn/T//vpx-conf-5325-16814.c
check_cxxflags -fPIC
check_cxx -Werror -fPIC
BEGIN /var/folders/5_/y4f_1k690s11wbvrfg0tf09h0000gn/T//vpx-conf-5325-16814.cc
     1	int x;
END /var/folders/5_/y4f_1k690s11wbvrfg0tf09h0000gn/T//vpx-conf-5325-16814.cc
g++ -isysroot /Library/Developer/CommandLineTools/SDKs/MacOSX.sdk -arch arm64 -march=armv8-a -DNDEBUG -O3 -Werror -fPIC -c -o /var/folders/5_/y4f_1k690s11wbvrfg0tf09h0000gn/T//vpx-conf-5325-16814.o /var/folders/5_/y4f_1k690s11wbvrfg0tf09h0000gn/T//vpx-conf-5325-16814.cc
check_cflags -fPIC
check_cc -Werror -fPIC
BEGIN /var/folders/5_/y4f_1k690s11wbvrfg0tf09h0000gn/T//vpx-conf-5325-16814.c
     1	int x;
END /var/folders/5_/y4f_1k690s11wbvrfg0tf09h0000gn/T//vpx-conf-5325-16814.c
gcc -isysroot /Library/Developer/CommandLineTools/SDKs/MacOSX.sdk -arch arm64 -march=armv8-a -DNDEBUG -O3 -Werror -fPIC -c -o /var/folders/5_/y4f_1k690s11wbvrfg0tf09h0000gn/T//vpx-conf-5325-16814.o /var/folders/5_/y4f_1k690s11wbvrfg0tf09h0000gn/T//vpx-conf-5325-16814.c
check_cc
BEGIN /var/folders/5_/y4f_1k690s11wbvrfg0tf09h0000gn/T//vpx-conf-5325-16814.c
     1	unsigned int e = 'O'<<24 | '2'<<16 | 'B'<<8 | 'E';
END /var/folders/5_/y4f_1k690s11wbvrfg0tf09h0000gn/T//vpx-conf-5325-16814.c
gcc -isysroot /Library/Developer/CommandLineTools/SDKs/MacOSX.sdk -arch arm64 -march=armv8-a -DNDEBUG -O3 -fPIC -c -o /var/folders/5_/y4f_1k690s11wbvrfg0tf09h0000gn/T//vpx-conf-5325-16814.o /var/folders/5_/y4f_1k690s11wbvrfg0tf09h0000gn/T//vpx-conf-5325-16814.c
check_cc
BEGIN /var/folders/5_/y4f_1k690s11wbvrfg0tf09h0000gn/T//vpx-conf-5325-16814.c
     1	static inline int function(void) {}
END /var/folders/5_/y4f_1k690s11wbvrfg0tf09h0000gn/T//vpx-conf-5325-16814.c
gcc -isysroot /Library/Developer/CommandLineTools/SDKs/MacOSX.sdk -arch arm64 -march=armv8-a -DNDEBUG -O3 -fPIC -c -o /var/folders/5_/y4f_1k690s11wbvrfg0tf09h0000gn/T//vpx-conf-5325-16814.o /var/folders/5_/y4f_1k690s11wbvrfg0tf09h0000gn/T//vpx-conf-5325-16814.c
/var/folders/5_/y4f_1k690s11wbvrfg0tf09h0000gn/T//vpx-conf-5325-16814.c:1:35: warning: non-void function does not return a value [-Wreturn-type]
    1 | static inline int function(void) {}
      |                                   ^
1 warning generated.
check_header pthread.h
check_cpp
BEGIN /var/folders/5_/y4f_1k690s11wbvrfg0tf09h0000gn/T//vpx-conf-5325-16814.c
     1	#include "pthread.h"
     2	int x;
END /var/folders/5_/y4f_1k690s11wbvrfg0tf09h0000gn/T//vpx-conf-5325-16814.c
gcc -isysroot /Library/Developer/CommandLineTools/SDKs/MacOSX.sdk -arch arm64 -march=armv8-a -DNDEBUG -O3 -fPIC -E -o /var/folders/5_/y4f_1k690s11wbvrfg0tf09h0000gn/T//vpx-conf-5325-16814.o /var/folders/5_/y4f_1k690s11wbvrfg0tf09h0000gn/T//vpx-conf-5325-16814.c
check_lib -lpthread
check_cc -lpthread
BEGIN /var/folders/5_/y4f_1k690s11wbvrfg0tf09h0000gn/T//vpx-conf-5325-16814.c
     1	#include <pthread.h>
     2	#include <stddef.h>
     3	int main(void) { return pthread_create(NULL, NULL, NULL, NULL); }
END /var/folders/5_/y4f_1k690s11wbvrfg0tf09h0000gn/T//vpx-conf-5325-16814.c
gcc -isysroot /Library/Developer/CommandLineTools/SDKs/MacOSX.sdk -arch arm64 -march=armv8-a -DNDEBUG -O3 -fPIC -lpthread -c -o /var/folders/5_/y4f_1k690s11wbvrfg0tf09h0000gn/T//vpx-conf-5325-16814.o /var/folders/5_/y4f_1k690s11wbvrfg0tf09h0000gn/T//vpx-conf-5325-16814.c
clang: warning: -lpthread: 'linker' input unused [-Wunused-command-line-argument]
/var/folders/5_/y4f_1k690s11wbvrfg0tf09h0000gn/T//vpx-conf-5325-16814.c:3:40: warning: null passed to a callee that requires a non-null argument [-Wnonnull]
    3 | int main(void) { return pthread_create(NULL, NULL, NULL, NULL); }
      |                                        ^~~~
/Library/Developer/CommandLineTools/usr/lib/clang/17/include/__stddef_null.h:26:14: note: expanded from macro 'NULL'
   26 | #define NULL ((void*)0)
      |              ^~~~~~~~~~
/var/folders/5_/y4f_1k690s11wbvrfg0tf09h0000gn/T//vpx-conf-5325-16814.c:3:52: warning: null passed to a callee that requires a non-null argument [-Wnonnull]
    3 | int main(void) { return pthread_create(NULL, NULL, NULL, NULL); }
      |                                                    ^~~~
/Library/Developer/CommandLineTools/usr/lib/clang/17/include/__stddef_null.h:26:14: note: expanded from macro 'NULL'
   26 | #define NULL ((void*)0)
      |              ^~~~~~~~~~
2 warnings generated.
gcc -isysroot /Library/Developer/CommandLineTools/SDKs/MacOSX.sdk -arch arm64 -o /var/folders/5_/y4f_1k690s11wbvrfg0tf09h0000gn/T//vpx-conf-5325-16814.x /var/folders/5_/y4f_1k690s11wbvrfg0tf09h0000gn/T//vpx-conf-5325-16814.o -lpthread
check_cxxflags -Wall
check_cxx -Werror -Wall
BEGIN /var/folders/5_/y4f_1k690s11wbvrfg0tf09h0000gn/T//vpx-conf-5325-16814.cc
     1	int x;
END /var/folders/5_/y4f_1k690s11wbvrfg0tf09h0000gn/T//vpx-conf-5325-16814.cc
g++ -isysroot /Library/Developer/CommandLineTools/SDKs/MacOSX.sdk -arch arm64 -march=armv8-a -DNDEBUG -O3 -fPIC -Werror -Wall -c -o /var/folders/5_/y4f_1k690s11wbvrfg0tf09h0000gn/T//vpx-conf-5325-16814.o /var/folders/5_/y4f_1k690s11wbvrfg0tf09h0000gn/T//vpx-conf-5325-16814.cc
check_cflags -Wall
check_cc -Werror -Wall
BEGIN /var/folders/5_/y4f_1k690s11wbvrfg0tf09h0000gn/T//vpx-conf-5325-16814.c
     1	int x;
END /var/folders/5_/y4f_1k690s11wbvrfg0tf09h0000gn/T//vpx-conf-5325-16814.c
gcc -isysroot /Library/Developer/CommandLineTools/SDKs/MacOSX.sdk -arch arm64 -march=armv8-a -DNDEBUG -O3 -fPIC -Werror -Wall -c -o /var/folders/5_/y4f_1k690s11wbvrfg0tf09h0000gn/T//vpx-conf-5325-16814.o /var/folders/5_/y4f_1k690s11wbvrfg0tf09h0000gn/T//vpx-conf-5325-16814.c
check_cxxflags -Wdisabled-optimization
check_cxx -Werror -Wdisabled-optimization
BEGIN /var/folders/5_/y4f_1k690s11wbvrfg0tf09h0000gn/T//vpx-conf-5325-16814.cc
     1	int x;
END /var/folders/5_/y4f_1k690s11wbvrfg0tf09h0000gn/T//vpx-conf-5325-16814.cc
g++ -isysroot /Library/Developer/CommandLineTools/SDKs/MacOSX.sdk -arch arm64 -march=armv8-a -DNDEBUG -O3 -fPIC -Wall -Werror -Wdisabled-optimization -c -o /var/folders/5_/y4f_1k690s11wbvrfg0tf09h0000gn/T//vpx-conf-5325-16814.o /var/folders/5_/y4f_1k690s11wbvrfg0tf09h0000gn/T//vpx-conf-5325-16814.cc
check_cflags -Wdisabled-optimization
check_cc -Werror -Wdisabled-optimization
BEGIN /var/folders/5_/y4f_1k690s11wbvrfg0tf09h0000gn/T//vpx-conf-5325-16814.c
     1	int x;
END /var/folders/5_/y4f_1k690s11wbvrfg0tf09h0000gn/T//vpx-conf-5325-16814.c
gcc -isysroot /Library/Developer/CommandLineTools/SDKs/MacOSX.sdk -arch arm64 -march=armv8-a -DNDEBUG -O3 -fPIC -Wall -Werror -Wdisabled-optimization -c -o /var/folders/5_/y4f_1k690s11wbvrfg0tf09h0000gn/T//vpx-conf-5325-16814.o /var/folders/5_/y4f_1k690s11wbvrfg0tf09h0000gn/T//vpx-conf-5325-16814.c
check_cxxflags -Wextra-semi
check_cxx -Werror -Wextra-semi
BEGIN /var/folders/5_/y4f_1k690s11wbvrfg0tf09h0000gn/T//vpx-conf-5325-16814.cc
     1	int x;
END /var/folders/5_/y4f_1k690s11wbvrfg0tf09h0000gn/T//vpx-conf-5325-16814.cc
g++ -isysroot /Library/Developer/CommandLineTools/SDKs/MacOSX.sdk -arch arm64 -march=armv8-a -DNDEBUG -O3 -fPIC -Wall -Wdisabled-optimization -Werror -Wextra-semi -c -o /var/folders/5_/y4f_1k690s11wbvrfg0tf09h0000gn/T//vpx-conf-5325-16814.o /var/folders/5_/y4f_1k690s11wbvrfg0tf09h0000gn/T//vpx-conf-5325-16814.cc
check_cflags -Wextra-semi
check_cc -Werror -Wextra-semi
BEGIN /var/folders/5_/y4f_1k690s11wbvrfg0tf09h0000gn/T//vpx-conf-5325-16814.c
     1	int x;
END /var/folders/5_/y4f_1k690s11wbvrfg0tf09h0000gn/T//vpx-conf-5325-16814.c
gcc -isysroot /Library/Developer/CommandLineTools/SDKs/MacOSX.sdk -arch arm64 -march=armv8-a -DNDEBUG -O3 -fPIC -Wall -Wdisabled-optimization -Werror -Wextra-semi -c -o /var/folders/5_/y4f_1k690s11wbvrfg0tf09h0000gn/T//vpx-conf-5325-16814.o /var/folders/5_/y4f_1k690s11wbvrfg0tf09h0000gn/T//vpx-conf-5325-16814.c
check_cxxflags -Wextra-semi-stmt
check_cxx -Werror -Wextra-semi-stmt
BEGIN /var/folders/5_/y4f_1k690s11wbvrfg0tf09h0000gn/T//vpx-conf-5325-16814.cc
     1	int x;
END /var/folders/5_/y4f_1k690s11wbvrfg0tf09h0000gn/T//vpx-conf-5325-16814.cc
g++ -isysroot /Library/Developer/CommandLineTools/SDKs/MacOSX.sdk -arch arm64 -march=armv8-a -DNDEBUG -O3 -fPIC -Wall -Wdisabled-optimization -Wextra-semi -Werror -Wextra-semi-stmt -c -o /var/folders/5_/y4f_1k690s11wbvrfg0tf09h0000gn/T//vpx-conf-5325-16814.o /var/folders/5_/y4f_1k690s11wbvrfg0tf09h0000gn/T//vpx-conf-5325-16814.cc
check_cflags -Wextra-semi-stmt
check_cc -Werror -Wextra-semi-stmt
BEGIN /var/folders/5_/y4f_1k690s11wbvrfg0tf09h0000gn/T//vpx-conf-5325-16814.c
     1	int x;
END /var/folders/5_/y4f_1k690s11wbvrfg0tf09h0000gn/T//vpx-conf-5325-16814.c
gcc -isysroot /Library/Developer/CommandLineTools/SDKs/MacOSX.sdk -arch arm64 -march=armv8-a -DNDEBUG -O3 -fPIC -Wall -Wdisabled-optimization -Wextra-semi -Werror -Wextra-semi-stmt -c -o /var/folders/5_/y4f_1k690s11wbvrfg0tf09h0000gn/T//vpx-conf-5325-16814.o /var/folders/5_/y4f_1k690s11wbvrfg0tf09h0000gn/T//vpx-conf-5325-16814.c
check_cxxflags -Wfloat-conversion
check_cxx -Werror -Wfloat-conversion
BEGIN /var/folders/5_/y4f_1k690s11wbvrfg0tf09h0000gn/T//vpx-conf-5325-16814.cc
     1	int x;
END /var/folders/5_/y4f_1k690s11wbvrfg0tf09h0000gn/T//vpx-conf-5325-16814.cc
g++ -isysroot /Library/Developer/CommandLineTools/SDKs/MacOSX.sdk -arch arm64 -march=armv8-a -DNDEBUG -O3 -fPIC -Wall -Wdisabled-optimization -Wextra-semi -Wextra-semi-stmt -Werror -Wfloat-conversion -c -o /var/folders/5_/y4f_1k690s11wbvrfg0tf09h0000gn/T//vpx-conf-5325-16814.o /var/folders/5_/y4f_1k690s11wbvrfg0tf09h0000gn/T//vpx-conf-5325-16814.cc
check_cflags -Wfloat-conversion
check_cc -Werror -Wfloat-conversion
BEGIN /var/folders/5_/y4f_1k690s11wbvrfg0tf09h0000gn/T//vpx-conf-5325-16814.c
     1	int x;
END /var/folders/5_/y4f_1k690s11wbvrfg0tf09h0000gn/T//vpx-conf-5325-16814.c
gcc -isysroot /Library/Developer/CommandLineTools/SDKs/MacOSX.sdk -arch arm64 -march=armv8-a -DNDEBUG -O3 -fPIC -Wall -Wdisabled-optimization -Wextra-semi -Wextra-semi-stmt -Werror -Wfloat-conversion -c -o /var/folders/5_/y4f_1k690s11wbvrfg0tf09h0000gn/T//vpx-conf-5325-16814.o /var/folders/5_/y4f_1k690s11wbvrfg0tf09h0000gn/T//vpx-conf-5325-16814.c
check_cxxflags -Wformat=2
check_cxx -Werror -Wformat=2
BEGIN /var/folders/5_/y4f_1k690s11wbvrfg0tf09h0000gn/T//vpx-conf-5325-16814.cc
     1	int x;
END /var/folders/5_/y4f_1k690s11wbvrfg0tf09h0000gn/T//vpx-conf-5325-16814.cc
g++ -isysroot /Library/Developer/CommandLineTools/SDKs/MacOSX.sdk -arch arm64 -march=armv8-a -DNDEBUG -O3 -fPIC -Wall -Wdisabled-optimization -Wextra-semi -Wextra-semi-stmt -Wfloat-conversion -Werror -Wformat=2 -c -o /var/folders/5_/y4f_1k690s11wbvrfg0tf09h0000gn/T//vpx-conf-5325-16814.o /var/folders/5_/y4f_1k690s11wbvrfg0tf09h0000gn/T//vpx-conf-5325-16814.cc
check_cflags -Wformat=2
check_cc -Werror -Wformat=2
BEGIN /var/folders/5_/y4f_1k690s11wbvrfg0tf09h0000gn/T//vpx-conf-5325-16814.c
     1	int x;
END /var/folders/5_/y4f_1k690s11wbvrfg0tf09h0000gn/T//vpx-conf-5325-16814.c
gcc -isysroot /Library/Developer/CommandLineTools/SDKs/MacOSX.sdk -arch arm64 -march=armv8-a -DNDEBUG -O3 -fPIC -Wall -Wdisabled-optimization -Wextra-semi -Wextra-semi-stmt -Wfloat-conversion -Werror -Wformat=2 -c -o /var/folders/5_/y4f_1k690s11wbvrfg0tf09h0000gn/T//vpx-conf-5325-16814.o /var/folders/5_/y4f_1k690s11wbvrfg0tf09h0000gn/T//vpx-conf-5325-16814.c
check_cxxflags -Wparentheses-equality
check_cxx -Werror -Wparentheses-equality
BEGIN /var/folders/5_/y4f_1k690s11wbvrfg0tf09h0000gn/T//vpx-conf-5325-16814.cc
     1	int x;
END /var/folders/5_/y4f_1k690s11wbvrfg0tf09h0000gn/T//vpx-conf-5325-16814.cc
g++ -isysroot /Library/Developer/CommandLineTools/SDKs/MacOSX.sdk -arch arm64 -march=armv8-a -DNDEBUG -O3 -fPIC -Wall -Wdisabled-optimization -Wextra-semi -Wextra-semi-stmt -Wfloat-conversion -Wformat=2 -Werror -Wparentheses-equality -c -o /var/folders/5_/y4f_1k690s11wbvrfg0tf09h0000gn/T//vpx-conf-5325-16814.o /var/folders/5_/y4f_1k690s11wbvrfg0tf09h0000gn/T//vpx-conf-5325-16814.cc
check_cflags -Wparentheses-equality
check_cc -Werror -Wparentheses-equality
BEGIN /var/folders/5_/y4f_1k690s11wbvrfg0tf09h0000gn/T//vpx-conf-5325-16814.c
     1	int x;
END /var/folders/5_/y4f_1k690s11wbvrfg0tf09h0000gn/T//vpx-conf-5325-16814.c
gcc -isysroot /Library/Developer/CommandLineTools/SDKs/MacOSX.sdk -arch arm64 -march=armv8-a -DNDEBUG -O3 -fPIC -Wall -Wdisabled-optimization -Wextra-semi -Wextra-semi-stmt -Wfloat-conversion -Wformat=2 -Werror -Wparentheses-equality -c -o /var/folders/5_/y4f_1k690s11wbvrfg0tf09h0000gn/T//vpx-conf-5325-16814.o /var/folders/5_/y4f_1k690s11wbvrfg0tf09h0000gn/T//vpx-conf-5325-16814.c
check_cxxflags -Wpointer-arith
check_cxx -Werror -Wpointer-arith
BEGIN /var/folders/5_/y4f_1k690s11wbvrfg0tf09h0000gn/T//vpx-conf-5325-16814.cc
     1	int x;
END /var/folders/5_/y4f_1k690s11wbvrfg0tf09h0000gn/T//vpx-conf-5325-16814.cc
g++ -isysroot /Library/Developer/CommandLineTools/SDKs/MacOSX.sdk -arch arm64 -march=armv8-a -DNDEBUG -O3 -fPIC -Wall -Wdisabled-optimization -Wextra-semi -Wextra-semi-stmt -Wfloat-conversion -Wformat=2 -Wparentheses-equality -Werror -Wpointer-arith -c -o /var/folders/5_/y4f_1k690s11wbvrfg0tf09h0000gn/T//vpx-conf-5325-16814.o /var/folders/5_/y4f_1k690s11wbvrfg0tf09h0000gn/T//vpx-conf-5325-16814.cc
check_cflags -Wpointer-arith
check_cc -Werror -Wpointer-arith
BEGIN /var/folders/5_/y4f_1k690s11wbvrfg0tf09h0000gn/T//vpx-conf-5325-16814.c
     1	int x;
END /var/folders/5_/y4f_1k690s11wbvrfg0tf09h0000gn/T//vpx-conf-5325-16814.c
gcc -isysroot /Library/Developer/CommandLineTools/SDKs/MacOSX.sdk -arch arm64 -march=armv8-a -DNDEBUG -O3 -fPIC -Wall -Wdisabled-optimization -Wextra-semi -Wextra-semi-stmt -Wfloat-conversion -Wformat=2 -Wparentheses-equality -Werror -Wpointer-arith -c -o /var/folders/5_/y4f_1k690s11wbvrfg0tf09h0000gn/T//vpx-conf-5325-16814.o /var/folders/5_/y4f_1k690s11wbvrfg0tf09h0000gn/T//vpx-conf-5325-16814.c
check_cxxflags -Wtype-limits
check_cxx -Werror -Wtype-limits
BEGIN /var/folders/5_/y4f_1k690s11wbvrfg0tf09h0000gn/T//vpx-conf-5325-16814.cc
     1	int x;
END /var/folders/5_/y4f_1k690s11wbvrfg0tf09h0000gn/T//vpx-conf-5325-16814.cc
g++ -isysroot /Library/Developer/CommandLineTools/SDKs/MacOSX.sdk -arch arm64 -march=armv8-a -DNDEBUG -O3 -fPIC -Wall -Wdisabled-optimization -Wextra-semi -Wextra-semi-stmt -Wfloat-conversion -Wformat=2 -Wparentheses-equality -Wpointer-arith -Werror -Wtype-limits -c -o /var/folders/5_/y4f_1k690s11wbvrfg0tf09h0000gn/T//vpx-conf-5325-16814.o /var/folders/5_/y4f_1k690s11wbvrfg0tf09h0000gn/T//vpx-conf-5325-16814.cc
check_cflags -Wtype-limits
check_cc -Werror -Wtype-limits
BEGIN /var/folders/5_/y4f_1k690s11wbvrfg0tf09h0000gn/T//vpx-conf-5325-16814.c
     1	int x;
END /var/folders/5_/y4f_1k690s11wbvrfg0tf09h0000gn/T//vpx-conf-5325-16814.c
gcc -isysroot /Library/Developer/CommandLineTools/SDKs/MacOSX.sdk -arch arm64 -march=armv8-a -DNDEBUG -O3 -fPIC -Wall -Wdisabled-optimization -Wextra-semi -Wextra-semi-stmt -Wfloat-conversion -Wformat=2 -Wparentheses-equality -Wpointer-arith -Werror -Wtype-limits -c -o /var/folders/5_/y4f_1k690s11wbvrfg0tf09h0000gn/T//vpx-conf-5325-16814.o /var/folders/5_/y4f_1k690s11wbvrfg0tf09h0000gn/T//vpx-conf-5325-16814.c
check_cxxflags -Wcast-qual
check_cxx -Werror -Wcast-qual
BEGIN /var/folders/5_/y4f_1k690s11wbvrfg0tf09h0000gn/T//vpx-conf-5325-16814.cc
     1	int x;
END /var/folders/5_/y4f_1k690s11wbvrfg0tf09h0000gn/T//vpx-conf-5325-16814.cc
g++ -isysroot /Library/Developer/CommandLineTools/SDKs/MacOSX.sdk -arch arm64 -march=armv8-a -DNDEBUG -O3 -fPIC -Wall -Wdisabled-optimization -Wextra-semi -Wextra-semi-stmt -Wfloat-conversion -Wformat=2 -Wparentheses-equality -Wpointer-arith -Wtype-limits -Werror -Wcast-qual -c -o /var/folders/5_/y4f_1k690s11wbvrfg0tf09h0000gn/T//vpx-conf-5325-16814.o /var/folders/5_/y4f_1k690s11wbvrfg0tf09h0000gn/T//vpx-conf-5325-16814.cc
check_cflags -Wcast-qual
check_cc -Werror -Wcast-qual
BEGIN /var/folders/5_/y4f_1k690s11wbvrfg0tf09h0000gn/T//vpx-conf-5325-16814.c
     1	int x;
END /var/folders/5_/y4f_1k690s11wbvrfg0tf09h0000gn/T//vpx-conf-5325-16814.c
gcc -isysroot /Library/Developer/CommandLineTools/SDKs/MacOSX.sdk -arch arm64 -march=armv8-a -DNDEBUG -O3 -fPIC -Wall -Wdisabled-optimization -Wextra-semi -Wextra-semi-stmt -Wfloat-conversion -Wformat=2 -Wparentheses-equality -Wpointer-arith -Wtype-limits -Werror -Wcast-qual -c -o /var/folders/5_/y4f_1k690s11wbvrfg0tf09h0000gn/T//vpx-conf-5325-16814.o /var/folders/5_/y4f_1k690s11wbvrfg0tf09h0000gn/T//vpx-conf-5325-16814.c
check_cxxflags -Wvla
check_cxx -Werror -Wvla
BEGIN /var/folders/5_/y4f_1k690s11wbvrfg0tf09h0000gn/T//vpx-conf-5325-16814.cc
     1	int x;
END /var/folders/5_/y4f_1k690s11wbvrfg0tf09h0000gn/T//vpx-conf-5325-16814.cc
g++ -isysroot /Library/Developer/CommandLineTools/SDKs/MacOSX.sdk -arch arm64 -march=armv8-a -DNDEBUG -O3 -fPIC -Wall -Wdisabled-optimization -Wextra-semi -Wextra-semi-stmt -Wfloat-conversion -Wformat=2 -Wparentheses-equality -Wpointer-arith -Wtype-limits -Wcast-qual -Werror -Wvla -c -o /var/folders/5_/y4f_1k690s11wbvrfg0tf09h0000gn/T//vpx-conf-5325-16814.o /var/folders/5_/y4f_1k690s11wbvrfg0tf09h0000gn/T//vpx-conf-5325-16814.cc
check_cflags -Wvla
check_cc -Werror -Wvla
BEGIN /var/folders/5_/y4f_1k690s11wbvrfg0tf09h0000gn/T//vpx-conf-5325-16814.c
     1	int x;
END /var/folders/5_/y4f_1k690s11wbvrfg0tf09h0000gn/T//vpx-conf-5325-16814.c
gcc -isysroot /Library/Developer/CommandLineTools/SDKs/MacOSX.sdk -arch arm64 -march=armv8-a -DNDEBUG -O3 -fPIC -Wall -Wdisabled-optimization -Wextra-semi -Wextra-semi-stmt -Wfloat-conversion -Wformat=2 -Wparentheses-equality -Wpointer-arith -Wtype-limits -Wcast-qual -Werror -Wvla -c -o /var/folders/5_/y4f_1k690s11wbvrfg0tf09h0000gn/T//vpx-conf-5325-16814.o /var/folders/5_/y4f_1k690s11wbvrfg0tf09h0000gn/T//vpx-conf-5325-16814.c
check_cxxflags -Wimplicit-function-declaration
check_cxx -Werror -Wimplicit-function-declaration
BEGIN /var/folders/5_/y4f_1k690s11wbvrfg0tf09h0000gn/T//vpx-conf-5325-16814.cc
     1	int x;
END /var/folders/5_/y4f_1k690s11wbvrfg0tf09h0000gn/T//vpx-conf-5325-16814.cc
g++ -isysroot /Library/Developer/CommandLineTools/SDKs/MacOSX.sdk -arch arm64 -march=armv8-a -DNDEBUG -O3 -fPIC -Wall -Wdisabled-optimization -Wextra-semi -Wextra-semi-stmt -Wfloat-conversion -Wformat=2 -Wparentheses-equality -Wpointer-arith -Wtype-limits -Wcast-qual -Wvla -Werror -Wimplicit-function-declaration -c -o /var/folders/5_/y4f_1k690s11wbvrfg0tf09h0000gn/T//vpx-conf-5325-16814.o /var/folders/5_/y4f_1k690s11wbvrfg0tf09h0000gn/T//vpx-conf-5325-16814.cc
check_cflags -Wimplicit-function-declaration
check_cc -Werror -Wimplicit-function-declaration
BEGIN /var/folders/5_/y4f_1k690s11wbvrfg0tf09h0000gn/T//vpx-conf-5325-16814.c
     1	int x;
END /var/folders/5_/y4f_1k690s11wbvrfg0tf09h0000gn/T//vpx-conf-5325-16814.c
gcc -isysroot /Library/Developer/CommandLineTools/SDKs/MacOSX.sdk -arch arm64 -march=armv8-a -DNDEBUG -O3 -fPIC -Wall -Wdisabled-optimization -Wextra-semi -Wextra-semi-stmt -Wfloat-conversion -Wformat=2 -Wparentheses-equality -Wpointer-arith -Wtype-limits -Wcast-qual -Wvla -Werror -Wimplicit-function-declaration -c -o /var/folders/5_/y4f_1k690s11wbvrfg0tf09h0000gn/T//vpx-conf-5325-16814.o /var/folders/5_/y4f_1k690s11wbvrfg0tf09h0000gn/T//vpx-conf-5325-16814.c
check_cxxflags -Wmissing-declarations
check_cxx -Werror -Wmissing-declarations
BEGIN /var/folders/5_/y4f_1k690s11wbvrfg0tf09h0000gn/T//vpx-conf-5325-16814.cc
     1	int x;
END /var/folders/5_/y4f_1k690s11wbvrfg0tf09h0000gn/T//vpx-conf-5325-16814.cc
g++ -isysroot /Library/Developer/CommandLineTools/SDKs/MacOSX.sdk -arch arm64 -march=armv8-a -DNDEBUG -O3 -fPIC -Wall -Wdisabled-optimization -Wextra-semi -Wextra-semi-stmt -Wfloat-conversion -Wformat=2 -Wparentheses-equality -Wpointer-arith -Wtype-limits -Wcast-qual -Wvla -Wimplicit-function-declaration -Werror -Wmissing-declarations -c -o /var/folders/5_/y4f_1k690s11wbvrfg0tf09h0000gn/T//vpx-conf-5325-16814.o /var/folders/5_/y4f_1k690s11wbvrfg0tf09h0000gn/T//vpx-conf-5325-16814.cc
check_cflags -Wmissing-declarations
check_cc -Werror -Wmissing-declarations
BEGIN /var/folders/5_/y4f_1k690s11wbvrfg0tf09h0000gn/T//vpx-conf-5325-16814.c
     1	int x;
END /var/folders/5_/y4f_1k690s11wbvrfg0tf09h0000gn/T//vpx-conf-5325-16814.c
gcc -isysroot /Library/Developer/CommandLineTools/SDKs/MacOSX.sdk -arch arm64 -march=armv8-a -DNDEBUG -O3 -fPIC -Wall -Wdisabled-optimization -Wextra-semi -Wextra-semi-stmt -Wfloat-conversion -Wformat=2 -Wparentheses-equality -Wpointer-arith -Wtype-limits -Wcast-qual -Wvla -Wimplicit-function-declaration -Werror -Wmissing-declarations -c -o /var/folders/5_/y4f_1k690s11wbvrfg0tf09h0000gn/T//vpx-conf-5325-16814.o /var/folders/5_/y4f_1k690s11wbvrfg0tf09h0000gn/T//vpx-conf-5325-16814.c
check_cxxflags -Wmissing-prototypes
check_cxx -Werror -Wmissing-prototypes
BEGIN /var/folders/5_/y4f_1k690s11wbvrfg0tf09h0000gn/T//vpx-conf-5325-16814.cc
     1	int x;
END /var/folders/5_/y4f_1k690s11wbvrfg0tf09h0000gn/T//vpx-conf-5325-16814.cc
g++ -isysroot /Library/Developer/CommandLineTools/SDKs/MacOSX.sdk -arch arm64 -march=armv8-a -DNDEBUG -O3 -fPIC -Wall -Wdisabled-optimization -Wextra-semi -Wextra-semi-stmt -Wfloat-conversion -Wformat=2 -Wparentheses-equality -Wpointer-arith -Wtype-limits -Wcast-qual -Wvla -Wimplicit-function-declaration -Wmissing-declarations -Werror -Wmissing-prototypes -c -o /var/folders/5_/y4f_1k690s11wbvrfg0tf09h0000gn/T//vpx-conf-5325-16814.o /var/folders/5_/y4f_1k690s11wbvrfg0tf09h0000gn/T//vpx-conf-5325-16814.cc
check_cflags -Wmissing-prototypes
check_cc -Werror -Wmissing-prototypes
BEGIN /var/folders/5_/y4f_1k690s11wbvrfg0tf09h0000gn/T//vpx-conf-5325-16814.c
     1	int x;
END /var/folders/5_/y4f_1k690s11wbvrfg0tf09h0000gn/T//vpx-conf-5325-16814.c
gcc -isysroot /Library/Developer/CommandLineTools/SDKs/MacOSX.sdk -arch arm64 -march=armv8-a -DNDEBUG -O3 -fPIC -Wall -Wdisabled-optimization -Wextra-semi -Wextra-semi-stmt -Wfloat-conversion -Wformat=2 -Wparentheses-equality -Wpointer-arith -Wtype-limits -Wcast-qual -Wvla -Wimplicit-function-declaration -Wmissing-declarations -Werror -Wmissing-prototypes -c -o /var/folders/5_/y4f_1k690s11wbvrfg0tf09h0000gn/T//vpx-conf-5325-16814.o /var/folders/5_/y4f_1k690s11wbvrfg0tf09h0000gn/T//vpx-conf-5325-16814.c
check_cxxflags -Wshadow
check_cxx -Werror -Wshadow
BEGIN /var/folders/5_/y4f_1k690s11wbvrfg0tf09h0000gn/T//vpx-conf-5325-16814.cc
     1	int x;
END /var/folders/5_/y4f_1k690s11wbvrfg0tf09h0000gn/T//vpx-conf-5325-16814.cc
g++ -isysroot /Library/Developer/CommandLineTools/SDKs/MacOSX.sdk -arch arm64 -march=armv8-a -DNDEBUG -O3 -fPIC -Wall -Wdisabled-optimization -Wextra-semi -Wextra-semi-stmt -Wfloat-conversion -Wformat=2 -Wparentheses-equality -Wpointer-arith -Wtype-limits -Wcast-qual -Wvla -Wimplicit-function-declaration -Wmissing-declarations -Wmissing-prototypes -Werror -Wshadow -c -o /var/folders/5_/y4f_1k690s11wbvrfg0tf09h0000gn/T//vpx-conf-5325-16814.o /var/folders/5_/y4f_1k690s11wbvrfg0tf09h0000gn/T//vpx-conf-5325-16814.cc
check_cflags -Wshadow
check_cc -Werror -Wshadow
BEGIN /var/folders/5_/y4f_1k690s11wbvrfg0tf09h0000gn/T//vpx-conf-5325-16814.c
     1	int x;
END /var/folders/5_/y4f_1k690s11wbvrfg0tf09h0000gn/T//vpx-conf-5325-16814.c
gcc -isysroot /Library/Developer/CommandLineTools/SDKs/MacOSX.sdk -arch arm64 -march=armv8-a -DNDEBUG -O3 -fPIC -Wall -Wdisabled-optimization -Wextra-semi -Wextra-semi-stmt -Wfloat-conversion -Wformat=2 -Wparentheses-equality -Wpointer-arith -Wtype-limits -Wcast-qual -Wvla -Wimplicit-function-declaration -Wmissing-declarations -Wmissing-prototypes -Werror -Wshadow -c -o /var/folders/5_/y4f_1k690s11wbvrfg0tf09h0000gn/T//vpx-conf-5325-16814.o /var/folders/5_/y4f_1k690s11wbvrfg0tf09h0000gn/T//vpx-conf-5325-16814.c
check_cxxflags -Wstrict-prototypes
check_cxx -Werror -Wstrict-prototypes
BEGIN /var/folders/5_/y4f_1k690s11wbvrfg0tf09h0000gn/T//vpx-conf-5325-16814.cc
     1	int x;
END /var/folders/5_/y4f_1k690s11wbvrfg0tf09h0000gn/T//vpx-conf-5325-16814.cc
g++ -isysroot /Library/Developer/CommandLineTools/SDKs/MacOSX.sdk -arch arm64 -march=armv8-a -DNDEBUG -O3 -fPIC -Wall -Wdisabled-optimization -Wextra-semi -Wextra-semi-stmt -Wfloat-conversion -Wformat=2 -Wparentheses-equality -Wpointer-arith -Wtype-limits -Wcast-qual -Wvla -Wimplicit-function-declaration -Wmissing-declarations -Wmissing-prototypes -Wshadow -Werror -Wstrict-prototypes -c -o /var/folders/5_/y4f_1k690s11wbvrfg0tf09h0000gn/T//vpx-conf-5325-16814.o /var/folders/5_/y4f_1k690s11wbvrfg0tf09h0000gn/T//vpx-conf-5325-16814.cc
check_cflags -Wstrict-prototypes
check_cc -Werror -Wstrict-prototypes
BEGIN /var/folders/5_/y4f_1k690s11wbvrfg0tf09h0000gn/T//vpx-conf-5325-16814.c
     1	int x;
END /var/folders/5_/y4f_1k690s11wbvrfg0tf09h0000gn/T//vpx-conf-5325-16814.c
gcc -isysroot /Library/Developer/CommandLineTools/SDKs/MacOSX.sdk -arch arm64 -march=armv8-a -DNDEBUG -O3 -fPIC -Wall -Wdisabled-optimization -Wextra-semi -Wextra-semi-stmt -Wfloat-conversion -Wformat=2 -Wparentheses-equality -Wpointer-arith -Wtype-limits -Wcast-qual -Wvla -Wimplicit-function-declaration -Wmissing-declarations -Wmissing-prototypes -Wshadow -Werror -Wstrict-prototypes -c -o /var/folders/5_/y4f_1k690s11wbvrfg0tf09h0000gn/T//vpx-conf-5325-16814.o /var/folders/5_/y4f_1k690s11wbvrfg0tf09h0000gn/T//vpx-conf-5325-16814.c
check_cxxflags -Wuninitialized
check_cxx -Werror -Wuninitialized
BEGIN /var/folders/5_/y4f_1k690s11wbvrfg0tf09h0000gn/T//vpx-conf-5325-16814.cc
     1	int x;
END /var/folders/5_/y4f_1k690s11wbvrfg0tf09h0000gn/T//vpx-conf-5325-16814.cc
g++ -isysroot /Library/Developer/CommandLineTools/SDKs/MacOSX.sdk -arch arm64 -march=armv8-a -DNDEBUG -O3 -fPIC -Wall -Wdisabled-optimization -Wextra-semi -Wextra-semi-stmt -Wfloat-conversion -Wformat=2 -Wparentheses-equality -Wpointer-arith -Wtype-limits -Wcast-qual -Wvla -Wimplicit-function-declaration -Wmissing-declarations -Wmissing-prototypes -Wshadow -Wstrict-prototypes -Werror -Wuninitialized -c -o /var/folders/5_/y4f_1k690s11wbvrfg0tf09h0000gn/T//vpx-conf-5325-16814.o /var/folders/5_/y4f_1k690s11wbvrfg0tf09h0000gn/T//vpx-conf-5325-16814.cc
check_cflags -Wuninitialized
check_cc -Werror -Wuninitialized
BEGIN /var/folders/5_/y4f_1k690s11wbvrfg0tf09h0000gn/T//vpx-conf-5325-16814.c
     1	int x;
END /var/folders/5_/y4f_1k690s11wbvrfg0tf09h0000gn/T//vpx-conf-5325-16814.c
gcc -isysroot /Library/Developer/CommandLineTools/SDKs/MacOSX.sdk -arch arm64 -march=armv8-a -DNDEBUG -O3 -fPIC -Wall -Wdisabled-optimization -Wextra-semi -Wextra-semi-stmt -Wfloat-conversion -Wformat=2 -Wparentheses-equality -Wpointer-arith -Wtype-limits -Wcast-qual -Wvla -Wimplicit-function-declaration -Wmissing-declarations -Wmissing-prototypes -Wshadow -Wstrict-prototypes -Werror -Wuninitialized -c -o /var/folders/5_/y4f_1k690s11wbvrfg0tf09h0000gn/T//vpx-conf-5325-16814.o /var/folders/5_/y4f_1k690s11wbvrfg0tf09h0000gn/T//vpx-conf-5325-16814.c
check_cxxflags -Wunreachable-code-aggressive
check_cxx -Werror -Wunreachable-code-aggressive
BEGIN /var/folders/5_/y4f_1k690s11wbvrfg0tf09h0000gn/T//vpx-conf-5325-16814.cc
     1	int x;
END /var/folders/5_/y4f_1k690s11wbvrfg0tf09h0000gn/T//vpx-conf-5325-16814.cc
g++ -isysroot /Library/Developer/CommandLineTools/SDKs/MacOSX.sdk -arch arm64 -march=armv8-a -DNDEBUG -O3 -fPIC -Wall -Wdisabled-optimization -Wextra-semi -Wextra-semi-stmt -Wfloat-conversion -Wformat=2 -Wparentheses-equality -Wpointer-arith -Wtype-limits -Wcast-qual -Wvla -Wimplicit-function-declaration -Wmissing-declarations -Wmissing-prototypes -Wshadow -Wstrict-prototypes -Wuninitialized -Werror -Wunreachable-code-aggressive -c -o /var/folders/5_/y4f_1k690s11wbvrfg0tf09h0000gn/T//vpx-conf-5325-16814.o /var/folders/5_/y4f_1k690s11wbvrfg0tf09h0000gn/T//vpx-conf-5325-16814.cc
check_cflags -Wunreachable-code-aggressive
check_cc -Werror -Wunreachable-code-aggressive
BEGIN /var/folders/5_/y4f_1k690s11wbvrfg0tf09h0000gn/T//vpx-conf-5325-16814.c
     1	int x;
END /var/folders/5_/y4f_1k690s11wbvrfg0tf09h0000gn/T//vpx-conf-5325-16814.c
gcc -isysroot /Library/Developer/CommandLineTools/SDKs/MacOSX.sdk -arch arm64 -march=armv8-a -DNDEBUG -O3 -fPIC -Wall -Wdisabled-optimization -Wextra-semi -Wextra-semi-stmt -Wfloat-conversion -Wformat=2 -Wparentheses-equality -Wpointer-arith -Wtype-limits -Wcast-qual -Wvla -Wimplicit-function-declaration -Wmissing-declarations -Wmissing-prototypes -Wshadow -Wstrict-prototypes -Wuninitialized -Werror -Wunreachable-code-aggressive -c -o /var/folders/5_/y4f_1k690s11wbvrfg0tf09h0000gn/T//vpx-conf-5325-16814.o /var/folders/5_/y4f_1k690s11wbvrfg0tf09h0000gn/T//vpx-conf-5325-16814.c
check_cxxflags -Wunused
check_cxx -Werror -Wunused
BEGIN /var/folders/5_/y4f_1k690s11wbvrfg0tf09h0000gn/T//vpx-conf-5325-16814.cc
     1	int x;
END /var/folders/5_/y4f_1k690s11wbvrfg0tf09h0000gn/T//vpx-conf-5325-16814.cc
g++ -isysroot /Library/Developer/CommandLineTools/SDKs/MacOSX.sdk -arch arm64 -march=armv8-a -DNDEBUG -O3 -fPIC -Wall -Wdisabled-optimization -Wextra-semi -Wextra-semi-stmt -Wfloat-conversion -Wformat=2 -Wparentheses-equality -Wpointer-arith -Wtype-limits -Wcast-qual -Wvla -Wimplicit-function-declaration -Wmissing-declarations -Wmissing-prototypes -Wshadow -Wstrict-prototypes -Wuninitialized -Wunreachable-code-aggressive -Werror -Wunused -c -o /var/folders/5_/y4f_1k690s11wbvrfg0tf09h0000gn/T//vpx-conf-5325-16814.o /var/folders/5_/y4f_1k690s11wbvrfg0tf09h0000gn/T//vpx-conf-5325-16814.cc
check_cflags -Wunused
check_cc -Werror -Wunused
BEGIN /var/folders/5_/y4f_1k690s11wbvrfg0tf09h0000gn/T//vpx-conf-5325-16814.c
     1	int x;
END /var/folders/5_/y4f_1k690s11wbvrfg0tf09h0000gn/T//vpx-conf-5325-16814.c
gcc -isysroot /Library/Developer/CommandLineTools/SDKs/MacOSX.sdk -arch arm64 -march=armv8-a -DNDEBUG -O3 -fPIC -Wall -Wdisabled-optimization -Wextra-semi -Wextra-semi-stmt -Wfloat-conversion -Wformat=2 -Wparentheses-equality -Wpointer-arith -Wtype-limits -Wcast-qual -Wvla -Wimplicit-function-declaration -Wmissing-declarations -Wmissing-prototypes -Wshadow -Wstrict-prototypes -Wuninitialized -Wunreachable-code-aggressive -Werror -Wunused -c -o /var/folders/5_/y4f_1k690s11wbvrfg0tf09h0000gn/T//vpx-conf-5325-16814.o /var/folders/5_/y4f_1k690s11wbvrfg0tf09h0000gn/T//vpx-conf-5325-16814.c
check_cxxflags -Wextra
check_cxx -Werror -Wextra
BEGIN /var/folders/5_/y4f_1k690s11wbvrfg0tf09h0000gn/T//vpx-conf-5325-16814.cc
     1	int x;
END /var/folders/5_/y4f_1k690s11wbvrfg0tf09h0000gn/T//vpx-conf-5325-16814.cc
g++ -isysroot /Library/Developer/CommandLineTools/SDKs/MacOSX.sdk -arch arm64 -march=armv8-a -DNDEBUG -O3 -fPIC -Wall -Wdisabled-optimization -Wextra-semi -Wextra-semi-stmt -Wfloat-conversion -Wformat=2 -Wparentheses-equality -Wpointer-arith -Wtype-limits -Wcast-qual -Wvla -Wimplicit-function-declaration -Wmissing-declarations -Wmissing-prototypes -Wshadow -Wstrict-prototypes -Wuninitialized -Wunreachable-code-aggressive -Wunused -Werror -Wextra -c -o /var/folders/5_/y4f_1k690s11wbvrfg0tf09h0000gn/T//vpx-conf-5325-16814.o /var/folders/5_/y4f_1k690s11wbvrfg0tf09h0000gn/T//vpx-conf-5325-16814.cc
check_cflags -Wextra
check_cc -Werror -Wextra
BEGIN /var/folders/5_/y4f_1k690s11wbvrfg0tf09h0000gn/T//vpx-conf-5325-16814.c
     1	int x;
END /var/folders/5_/y4f_1k690s11wbvrfg0tf09h0000gn/T//vpx-conf-5325-16814.c
gcc -isysroot /Library/Developer/CommandLineTools/SDKs/MacOSX.sdk -arch arm64 -march=armv8-a -DNDEBUG -O3 -fPIC -Wall -Wdisabled-optimization -Wextra-semi -Wextra-semi-stmt -Wfloat-conversion -Wformat=2 -Wparentheses-equality -Wpointer-arith -Wtype-limits -Wcast-qual -Wvla -Wimplicit-function-declaration -Wmissing-declarations -Wmissing-prototypes -Wshadow -Wstrict-prototypes -Wuninitialized -Wunreachable-code-aggressive -Wunused -Werror -Wextra -c -o /var/folders/5_/y4f_1k690s11wbvrfg0tf09h0000gn/T//vpx-conf-5325-16814.o /var/folders/5_/y4f_1k690s11wbvrfg0tf09h0000gn/T//vpx-conf-5325-16814.c
check_cflags -Wundef
check_cc -Werror -Wundef
BEGIN /var/folders/5_/y4f_1k690s11wbvrfg0tf09h0000gn/T//vpx-conf-5325-16814.c
     1	int x;
END /var/folders/5_/y4f_1k690s11wbvrfg0tf09h0000gn/T//vpx-conf-5325-16814.c
gcc -isysroot /Library/Developer/CommandLineTools/SDKs/MacOSX.sdk -arch arm64 -march=armv8-a -DNDEBUG -O3 -fPIC -Wall -Wdisabled-optimization -Wextra-semi -Wextra-semi-stmt -Wfloat-conversion -Wformat=2 -Wparentheses-equality -Wpointer-arith -Wtype-limits -Wcast-qual -Wvla -Wimplicit-function-declaration -Wmissing-declarations -Wmissing-prototypes -Wshadow -Wstrict-prototypes -Wuninitialized -Wunreachable-code-aggressive -Wunused -Wextra -Werror -Wundef -c -o /var/folders/5_/y4f_1k690s11wbvrfg0tf09h0000gn/T//vpx-conf-5325-16814.o /var/folders/5_/y4f_1k690s11wbvrfg0tf09h0000gn/T//vpx-conf-5325-16814.c
check_cflags -Wframe-larger-than=52000
check_cc -Werror -Wframe-larger-than=52000
BEGIN /var/folders/5_/y4f_1k690s11wbvrfg0tf09h0000gn/T//vpx-conf-5325-16814.c
     1	int x;
END /var/folders/5_/y4f_1k690s11wbvrfg0tf09h0000gn/T//vpx-conf-5325-16814.c
gcc -isysroot /Library/Developer/CommandLineTools/SDKs/MacOSX.sdk -arch arm64 -march=armv8-a -DNDEBUG -O3 -fPIC -Wall -Wdisabled-optimization -Wextra-semi -Wextra-semi-stmt -Wfloat-conversion -Wformat=2 -Wparentheses-equality -Wpointer-arith -Wtype-limits -Wcast-qual -Wvla -Wimplicit-function-declaration -Wmissing-declarations -Wmissing-prototypes -Wshadow -Wstrict-prototypes -Wuninitialized -Wunreachable-code-aggressive -Wunused -Wextra -Wundef -Werror -Wframe-larger-than=52000 -c -o /var/folders/5_/y4f_1k690s11wbvrfg0tf09h0000gn/T//vpx-conf-5325-16814.o /var/folders/5_/y4f_1k690s11wbvrfg0tf09h0000gn/T//vpx-conf-5325-16814.c
check_cflags -std=gnu99
check_cc -Werror -std=gnu99
BEGIN /var/folders/5_/y4f_1k690s11wbvrfg0tf09h0000gn/T//vpx-conf-5325-16814.c
     1	int x;
END /var/folders/5_/y4f_1k690s11wbvrfg0tf09h0000gn/T//vpx-conf-5325-16814.c
gcc -isysroot /Library/Developer/CommandLineTools/SDKs/MacOSX.sdk -arch arm64 -march=armv8-a -DNDEBUG -O3 -fPIC -Wall -Wdisabled-optimization -Wextra-semi -Wextra-semi-stmt -Wfloat-conversion -Wformat=2 -Wparentheses-equality -Wpointer-arith -Wtype-limits -Wcast-qual -Wvla -Wimplicit-function-declaration -Wmissing-declarations -Wmissing-prototypes -Wshadow -Wstrict-prototypes -Wuninitialized -Wunreachable-code-aggressive -Wunused -Wextra -Wundef -Wframe-larger-than=52000 -Werror -std=gnu99 -c -o /var/folders/5_/y4f_1k690s11wbvrfg0tf09h0000gn/T//vpx-conf-5325-16814.o /var/folders/5_/y4f_1k690s11wbvrfg0tf09h0000gn/T//vpx-conf-5325-16814.c
check_cflags -Wshorten-64-to-32
check_cc -Werror -Wshorten-64-to-32
BEGIN /var/folders/5_/y4f_1k690s11wbvrfg0tf09h0000gn/T//vpx-conf-5325-16814.c
     1	int x;
END /var/folders/5_/y4f_1k690s11wbvrfg0tf09h0000gn/T//vpx-conf-5325-16814.c
gcc -isysroot /Library/Developer/CommandLineTools/SDKs/MacOSX.sdk -arch arm64 -march=armv8-a -DNDEBUG -O3 -fPIC -Wall -Wdisabled-optimization -Wextra-semi -Wextra-semi-stmt -Wfloat-conversion -Wformat=2 -Wparentheses-equality -Wpointer-arith -Wtype-limits -Wcast-qual -Wvla -Wimplicit-function-declaration -Wmissing-declarations -Wmissing-prototypes -Wshadow -Wstrict-prototypes -Wuninitialized -Wunreachable-code-aggressive -Wunused -Wextra -Wundef -Wframe-larger-than=52000 -std=gnu99 -Werror -Wshorten-64-to-32 -c -o /var/folders/5_/y4f_1k690s11wbvrfg0tf09h0000gn/T//vpx-conf-5325-16814.o /var/folders/5_/y4f_1k690s11wbvrfg0tf09h0000gn/T//vpx-conf-5325-16814.c
check_cxxflags -flax-vector-conversions=none
check_cxx -Werror -flax-vector-conversions=none
BEGIN /var/folders/5_/y4f_1k690s11wbvrfg0tf09h0000gn/T//vpx-conf-5325-16814.cc
     1	int x;
END /var/folders/5_/y4f_1k690s11wbvrfg0tf09h0000gn/T//vpx-conf-5325-16814.cc
g++ -isysroot /Library/Developer/CommandLineTools/SDKs/MacOSX.sdk -arch arm64 -march=armv8-a -DNDEBUG -O3 -fPIC -Wall -Wdisabled-optimization -Wextra-semi -Wextra-semi-stmt -Wfloat-conversion -Wformat=2 -Wparentheses-equality -Wpointer-arith -Wtype-limits -Wcast-qual -Wvla -Wimplicit-function-declaration -Wmissing-declarations -Wmissing-prototypes -Wshadow -Wstrict-prototypes -Wuninitialized -Wunreachable-code-aggressive -Wunused -Wextra -Werror -flax-vector-conversions=none -c -o /var/folders/5_/y4f_1k690s11wbvrfg0tf09h0000gn/T//vpx-conf-5325-16814.o /var/folders/5_/y4f_1k690s11wbvrfg0tf09h0000gn/T//vpx-conf-5325-16814.cc
check_cflags -flax-vector-conversions=none
check_cc -Werror -flax-vector-conversions=none
BEGIN /var/folders/5_/y4f_1k690s11wbvrfg0tf09h0000gn/T//vpx-conf-5325-16814.c
     1	int x;
END /var/folders/5_/y4f_1k690s11wbvrfg0tf09h0000gn/T//vpx-conf-5325-16814.c
gcc -isysroot /Library/Developer/CommandLineTools/SDKs/MacOSX.sdk -arch arm64 -march=armv8-a -DNDEBUG -O3 -fPIC -Wall -Wdisabled-optimization -Wextra-semi -Wextra-semi-stmt -Wfloat-conversion -Wformat=2 -Wparentheses-equality -Wpointer-arith -Wtype-limits -Wcast-qual -Wvla -Wimplicit-function-declaration -Wmissing-declarations -Wmissing-prototypes -Wshadow -Wstrict-prototypes -Wuninitialized -Wunreachable-code-aggressive -Wunused -Wextra -Wundef -Wframe-larger-than=52000 -std=gnu99 -Wshorten-64-to-32 -Werror -flax-vector-conversions=none -c -o /var/folders/5_/y4f_1k690s11wbvrfg0tf09h0000gn/T//vpx-conf-5325-16814.o /var/folders/5_/y4f_1k690s11wbvrfg0tf09h0000gn/T//vpx-conf-5325-16814.c
check_cxxflags -Wno-psabi
check_cxx -Werror -Wno-psabi
BEGIN /var/folders/5_/y4f_1k690s11wbvrfg0tf09h0000gn/T//vpx-conf-5325-16814.cc
     1	int x;
END /var/folders/5_/y4f_1k690s11wbvrfg0tf09h0000gn/T//vpx-conf-5325-16814.cc
g++ -isysroot /Library/Developer/CommandLineTools/SDKs/MacOSX.sdk -arch arm64 -march=armv8-a -DNDEBUG -O3 -fPIC -Wall -Wdisabled-optimization -Wextra-semi -Wextra-semi-stmt -Wfloat-conversion -Wformat=2 -Wparentheses-equality -Wpointer-arith -Wtype-limits -Wcast-qual -Wvla -Wimplicit-function-declaration -Wmissing-declarations -Wmissing-prototypes -Wshadow -Wstrict-prototypes -Wuninitialized -Wunreachable-code-aggressive -Wunused -Wextra -flax-vector-conversions=none -Werror -Wno-psabi -c -o /var/folders/5_/y4f_1k690s11wbvrfg0tf09h0000gn/T//vpx-conf-5325-16814.o /var/folders/5_/y4f_1k690s11wbvrfg0tf09h0000gn/T//vpx-conf-5325-16814.cc
check_cxxflags -Wc++14-extensions
check_cxx -Werror -Wc++14-extensions
BEGIN /var/folders/5_/y4f_1k690s11wbvrfg0tf09h0000gn/T//vpx-conf-5325-16814.cc
     1	int x;
END /var/folders/5_/y4f_1k690s11wbvrfg0tf09h0000gn/T//vpx-conf-5325-16814.cc
g++ -isysroot /Library/Developer/CommandLineTools/SDKs/MacOSX.sdk -arch arm64 -march=armv8-a -DNDEBUG -O3 -fPIC -Wall -Wdisabled-optimization -Wextra-semi -Wextra-semi-stmt -Wfloat-conversion -Wformat=2 -Wparentheses-equality -Wpointer-arith -Wtype-limits -Wcast-qual -Wvla -Wimplicit-function-declaration -Wmissing-declarations -Wmissing-prototypes -Wshadow -Wstrict-prototypes -Wuninitialized -Wunreachable-code-aggressive -Wunused -Wextra -flax-vector-conversions=none -Wno-psabi -Werror -Wc++14-extensions -c -o /var/folders/5_/y4f_1k690s11wbvrfg0tf09h0000gn/T//vpx-conf-5325-16814.o /var/folders/5_/y4f_1k690s11wbvrfg0tf09h0000gn/T//vpx-conf-5325-16814.cc
check_cxxflags -Wc++17-extensions
check_cxx -Werror -Wc++17-extensions
BEGIN /var/folders/5_/y4f_1k690s11wbvrfg0tf09h0000gn/T//vpx-conf-5325-16814.cc
     1	int x;
END /var/folders/5_/y4f_1k690s11wbvrfg0tf09h0000gn/T//vpx-conf-5325-16814.cc
g++ -isysroot /Library/Developer/CommandLineTools/SDKs/MacOSX.sdk -arch arm64 -march=armv8-a -DNDEBUG -O3 -fPIC -Wall -Wdisabled-optimization -Wextra-semi -Wextra-semi-stmt -Wfloat-conversion -Wformat=2 -Wparentheses-equality -Wpointer-arith -Wtype-limits -Wcast-qual -Wvla -Wimplicit-function-declaration -Wmissing-declarations -Wmissing-prototypes -Wshadow -Wstrict-prototypes -Wuninitialized -Wunreachable-code-aggressive -Wunused -Wextra -flax-vector-conversions=none -Wno-psabi -Wc++14-extensions -Werror -Wc++17-extensions -c -o /var/folders/5_/y4f_1k690s11wbvrfg0tf09h0000gn/T//vpx-conf-5325-16814.o /var/folders/5_/y4f_1k690s11wbvrfg0tf09h0000gn/T//vpx-conf-5325-16814.cc
check_cxxflags -Wc++20-extensions
check_cxx -Werror -Wc++20-extensions
BEGIN /var/folders/5_/y4f_1k690s11wbvrfg0tf09h0000gn/T//vpx-conf-5325-16814.cc
     1	int x;
END /var/folders/5_/y4f_1k690s11wbvrfg0tf09h0000gn/T//vpx-conf-5325-16814.cc
g++ -isysroot /Library/Developer/CommandLineTools/SDKs/MacOSX.sdk -arch arm64 -march=armv8-a -DNDEBUG -O3 -fPIC -Wall -Wdisabled-optimization -Wextra-semi -Wextra-semi-stmt -Wfloat-conversion -Wformat=2 -Wparentheses-equality -Wpointer-arith -Wtype-limits -Wcast-qual -Wvla -Wimplicit-function-declaration -Wmissing-declarations -Wmissing-prototypes -Wshadow -Wstrict-prototypes -Wuninitialized -Wunreachable-code-aggressive -Wunused -Wextra -flax-vector-conversions=none -Wno-psabi -Wc++14-extensions -Wc++17-extensions -Werror -Wc++20-extensions -c -o /var/folders/5_/y4f_1k690s11wbvrfg0tf09h0000gn/T//vpx-conf-5325-16814.o /var/folders/5_/y4f_1k690s11wbvrfg0tf09h0000gn/T//vpx-conf-5325-16814.cc
check_cxxflags -Wnon-virtual-dtor
check_cxx -Werror -Wnon-virtual-dtor
BEGIN /var/folders/5_/y4f_1k690s11wbvrfg0tf09h0000gn/T//vpx-conf-5325-16814.cc
     1	int x;
END /var/folders/5_/y4f_1k690s11wbvrfg0tf09h0000gn/T//vpx-conf-5325-16814.cc
g++ -isysroot /Library/Developer/CommandLineTools/SDKs/MacOSX.sdk -arch arm64 -march=armv8-a -DNDEBUG -O3 -fPIC -Wall -Wdisabled-optimization -Wextra-semi -Wextra-semi-stmt -Wfloat-conversion -Wformat=2 -Wparentheses-equality -Wpointer-arith -Wtype-limits -Wcast-qual -Wvla -Wimplicit-function-declaration -Wmissing-declarations -Wmissing-prototypes -Wshadow -Wstrict-prototypes -Wuninitialized -Wunreachable-code-aggressive -Wunused -Wextra -flax-vector-conversions=none -Wno-psabi -Wc++14-extensions -Wc++17-extensions -Wc++20-extensions -Werror -Wnon-virtual-dtor -c -o /var/folders/5_/y4f_1k690s11wbvrfg0tf09h0000gn/T//vpx-conf-5325-16814.o /var/folders/5_/y4f_1k690s11wbvrfg0tf09h0000gn/T//vpx-conf-5325-16814.cc
check_cxxflags -Wno-missing-declarations
check_cxx -Werror -Wno-missing-declarations
BEGIN /var/folders/5_/y4f_1k690s11wbvrfg0tf09h0000gn/T//vpx-conf-5325-16814.cc
     1	int x;
END /var/folders/5_/y4f_1k690s11wbvrfg0tf09h0000gn/T//vpx-conf-5325-16814.cc
g++ -isysroot /Library/Developer/CommandLineTools/SDKs/MacOSX.sdk -arch arm64 -march=armv8-a -DNDEBUG -O3 -fPIC -Wall -Wdisabled-optimization -Wextra-semi -Wextra-semi-stmt -Wfloat-conversion -Wformat=2 -Wparentheses-equality -Wpointer-arith -Wtype-limits -Wcast-qual -Wvla -Wimplicit-function-declaration -Wmissing-declarations -Wmissing-prototypes -Wshadow -Wstrict-prototypes -Wuninitialized -Wunreachable-code-aggressive -Wunused -Wextra -flax-vector-conversions=none -Wno-psabi -Wc++14-extensions -Wc++17-extensions -Wc++20-extensions -Wnon-virtual-dtor -Werror -Wno-missing-declarations -c -o /var/folders/5_/y4f_1k690s11wbvrfg0tf09h0000gn/T//vpx-conf-5325-16814.o /var/folders/5_/y4f_1k690s11wbvrfg0tf09h0000gn/T//vpx-conf-5325-16814.cc
check_cxxflags -Wno-missing-prototypes
check_cxx -Werror -Wno-missing-prototypes
BEGIN /var/folders/5_/y4f_1k690s11wbvrfg0tf09h0000gn/T//vpx-conf-5325-16814.cc
     1	int x;
END /var/folders/5_/y4f_1k690s11wbvrfg0tf09h0000gn/T//vpx-conf-5325-16814.cc
g++ -isysroot /Library/Developer/CommandLineTools/SDKs/MacOSX.sdk -arch arm64 -march=armv8-a -DNDEBUG -O3 -fPIC -Wall -Wdisabled-optimization -Wextra-semi -Wextra-semi-stmt -Wfloat-conversion -Wformat=2 -Wparentheses-equality -Wpointer-arith -Wtype-limits -Wcast-qual -Wvla -Wimplicit-function-declaration -Wmissing-declarations -Wmissing-prototypes -Wshadow -Wstrict-prototypes -Wuninitialized -Wunreachable-code-aggressive -Wunused -Wextra -flax-vector-conversions=none -Wno-psabi -Wc++14-extensions -Wc++17-extensions -Wc++20-extensions -Wnon-virtual-dtor -Werror -Wno-missing-prototypes -c -o /var/folders/5_/y4f_1k690s11wbvrfg0tf09h0000gn/T//vpx-conf-5325-16814.o /var/folders/5_/y4f_1k690s11wbvrfg0tf09h0000gn/T//vpx-conf-5325-16814.cc
check_cxxflags -Wno-pass-failed
check_cxx -Werror -Wno-pass-failed
BEGIN /var/folders/5_/y4f_1k690s11wbvrfg0tf09h0000gn/T//vpx-conf-5325-16814.cc
     1	int x;
END /var/folders/5_/y4f_1k690s11wbvrfg0tf09h0000gn/T//vpx-conf-5325-16814.cc
g++ -isysroot /Library/Developer/CommandLineTools/SDKs/MacOSX.sdk -arch arm64 -march=armv8-a -DNDEBUG -O3 -fPIC -Wall -Wdisabled-optimization -Wextra-semi -Wextra-semi-stmt -Wfloat-conversion -Wformat=2 -Wparentheses-equality -Wpointer-arith -Wtype-limits -Wcast-qual -Wvla -Wimplicit-function-declaration -Wmissing-declarations -Wmissing-prototypes -Wshadow -Wstrict-prototypes -Wuninitialized -Wunreachable-code-aggressive -Wunused -Wextra -flax-vector-conversions=none -Wno-psabi -Wc++14-extensions -Wc++17-extensions -Wc++20-extensions -Wnon-virtual-dtor -Werror -Wno-pass-failed -c -o /var/folders/5_/y4f_1k690s11wbvrfg0tf09h0000gn/T//vpx-conf-5325-16814.o /var/folders/5_/y4f_1k690s11wbvrfg0tf09h0000gn/T//vpx-conf-5325-16814.cc
check_cxxflags -Wno-shadow
check_cxx -Werror -Wno-shadow
BEGIN /var/folders/5_/y4f_1k690s11wbvrfg0tf09h0000gn/T//vpx-conf-5325-16814.cc
     1	int x;
END /var/folders/5_/y4f_1k690s11wbvrfg0tf09h0000gn/T//vpx-conf-5325-16814.cc
g++ -isysroot /Library/Developer/CommandLineTools/SDKs/MacOSX.sdk -arch arm64 -march=armv8-a -DNDEBUG -O3 -fPIC -Wall -Wdisabled-optimization -Wextra-semi -Wextra-semi-stmt -Wfloat-conversion -Wformat=2 -Wparentheses-equality -Wpointer-arith -Wtype-limits -Wcast-qual -Wvla -Wimplicit-function-declaration -Wmissing-declarations -Wmissing-prototypes -Wshadow -Wstrict-prototypes -Wuninitialized -Wunreachable-code-aggressive -Wunused -Wextra -flax-vector-conversions=none -Wno-psabi -Wc++14-extensions -Wc++17-extensions -Wc++20-extensions -Wnon-virtual-dtor -Werror -Wno-shadow -c -o /var/folders/5_/y4f_1k690s11wbvrfg0tf09h0000gn/T//vpx-conf-5325-16814.o /var/folders/5_/y4f_1k690s11wbvrfg0tf09h0000gn/T//vpx-conf-5325-16814.cc
check_cxxflags -Wno-unused-parameter
check_cxx -Werror -Wno-unused-parameter
BEGIN /var/folders/5_/y4f_1k690s11wbvrfg0tf09h0000gn/T//vpx-conf-5325-16814.cc
     1	int x;
END /var/folders/5_/y4f_1k690s11wbvrfg0tf09h0000gn/T//vpx-conf-5325-16814.cc
g++ -isysroot /Library/Developer/CommandLineTools/SDKs/MacOSX.sdk -arch arm64 -march=armv8-a -DNDEBUG -O3 -fPIC -Wall -Wdisabled-optimization -Wextra-semi -Wextra-semi-stmt -Wfloat-conversion -Wformat=2 -Wparentheses-equality -Wpointer-arith -Wtype-limits -Wcast-qual -Wvla -Wimplicit-function-declaration -Wmissing-declarations -Wmissing-prototypes -Wshadow -Wstrict-prototypes -Wuninitialized -Wunreachable-code-aggressive -Wunused -Wextra -flax-vector-conversions=none -Wno-psabi -Wc++14-extensions -Wc++17-extensions -Wc++20-extensions -Wnon-virtual-dtor -Werror -Wno-unused-parameter -c -o /var/folders/5_/y4f_1k690s11wbvrfg0tf09h0000gn/T//vpx-conf-5325-16814.o /var/folders/5_/y4f_1k690s11wbvrfg0tf09h0000gn/T//vpx-conf-5325-16814.cc
check_cxxflags -std=gnu++11
check_cxx -Werror -std=gnu++11
BEGIN /var/folders/5_/y4f_1k690s11wbvrfg0tf09h0000gn/T//vpx-conf-5325-16814.cc
     1	int x;
END /var/folders/5_/y4f_1k690s11wbvrfg0tf09h0000gn/T//vpx-conf-5325-16814.cc
g++ -isysroot /Library/Developer/CommandLineTools/SDKs/MacOSX.sdk -arch arm64 -march=armv8-a -DNDEBUG -O3 -fPIC -Wall -Wdisabled-optimization -Wextra-semi -Wextra-semi-stmt -Wfloat-conversion -Wformat=2 -Wparentheses-equality -Wpointer-arith -Wtype-limits -Wcast-qual -Wvla -Wimplicit-function-declaration -Wmissing-declarations -Wmissing-prototypes -Wshadow -Wstrict-prototypes -Wuninitialized -Wunreachable-code-aggressive -Wunused -Wextra -flax-vector-conversions=none -Wno-psabi -Wc++14-extensions -Wc++17-extensions -Wc++20-extensions -Wnon-virtual-dtor -Werror -std=gnu++11 -c -o /var/folders/5_/y4f_1k690s11wbvrfg0tf09h0000gn/T//vpx-conf-5325-16814.o /var/folders/5_/y4f_1k690s11wbvrfg0tf09h0000gn/T//vpx-conf-5325-16814.cc
check_cxxflags -std=gnu++11
check_cxx -Werror -std=gnu++11
BEGIN /var/folders/5_/y4f_1k690s11wbvrfg0tf09h0000gn/T//vpx-conf-5325-16814.cc
     1	int x;
END /var/folders/5_/y4f_1k690s11wbvrfg0tf09h0000gn/T//vpx-conf-5325-16814.cc
g++ -isysroot /Library/Developer/CommandLineTools/SDKs/MacOSX.sdk -arch arm64 -march=armv8-a -DNDEBUG -O3 -fPIC -Wall -Wdisabled-optimization -Wextra-semi -Wextra-semi-stmt -Wfloat-conversion -Wformat=2 -Wparentheses-equality -Wpointer-arith -Wtype-limits -Wcast-qual -Wvla -Wimplicit-function-declaration -Wmissing-declarations -Wmissing-prototypes -Wshadow -Wstrict-prototypes -Wuninitialized -Wunreachable-code-aggressive -Wunused -Wextra -flax-vector-conversions=none -Wno-psabi -Wc++14-extensions -Wc++17-extensions -Wc++20-extensions -Wnon-virtual-dtor -std=gnu++11 -Werror -std=gnu++11 -c -o /var/folders/5_/y4f_1k690s11wbvrfg0tf09h0000gn/T//vpx-conf-5325-16814.o /var/folders/5_/y4f_1k690s11wbvrfg0tf09h0000gn/T//vpx-conf-5325-16814.cc
  enabling webm_io
check_cxx
BEGIN /var/folders/5_/y4f_1k690s11wbvrfg0tf09h0000gn/T//vpx-conf-5325-16814.cc
     1	int z;
END /var/folders/5_/y4f_1k690s11wbvrfg0tf09h0000gn/T//vpx-conf-5325-16814.cc
g++ -isysroot /Library/Developer/CommandLineTools/SDKs/MacOSX.sdk -arch arm64 -march=armv8-a -DNDEBUG -O3 -fPIC -Wall -Wdisabled-optimization -Wextra-semi -Wextra-semi-stmt -Wfloat-conversion -Wformat=2 -Wparentheses-equality -Wpointer-arith -Wtype-limits -Wcast-qual -Wvla -Wimplicit-function-declaration -Wmissing-declarations -Wmissing-prototypes -Wshadow -Wstrict-prototypes -Wuninitialized -Wunreachable-code-aggressive -Wunused -Wextra -flax-vector-conversions=none -Wno-psabi -Wc++14-extensions -Wc++17-extensions -Wc++20-extensions -Wnon-virtual-dtor -std=gnu++11 -std=gnu++11 -c -o /var/folders/5_/y4f_1k690s11wbvrfg0tf09h0000gn/T//vpx-conf-5325-16814.o /var/folders/5_/y4f_1k690s11wbvrfg0tf09h0000gn/T//vpx-conf-5325-16814.cc
  enabling libyuv
check_header stdio.h
check_cpp
BEGIN /var/folders/5_/y4f_1k690s11wbvrfg0tf09h0000gn/T//vpx-conf-5325-16814.c
     1	#include "stdio.h"
     2	int x;
END /var/folders/5_/y4f_1k690s11wbvrfg0tf09h0000gn/T//vpx-conf-5325-16814.c
gcc -isysroot /Library/Developer/CommandLineTools/SDKs/MacOSX.sdk -arch arm64 -march=armv8-a -DNDEBUG -O3 -fPIC -Wall -Wdisabled-optimization -Wextra-semi -Wextra-semi-stmt -Wfloat-conversion -Wformat=2 -Wparentheses-equality -Wpointer-arith -Wtype-limits -Wcast-qual -Wvla -Wimplicit-function-declaration -Wmissing-declarations -Wmissing-prototypes -Wshadow -Wstrict-prototypes -Wuninitialized -Wunreachable-code-aggressive -Wunused -Wextra -Wundef -Wframe-larger-than=52000 -std=gnu99 -Wshorten-64-to-32 -flax-vector-conversions=none -E -o /var/folders/5_/y4f_1k690s11wbvrfg0tf09h0000gn/T//vpx-conf-5325-16814.o /var/folders/5_/y4f_1k690s11wbvrfg0tf09h0000gn/T//vpx-conf-5325-16814.c
check_ld
check_cc
BEGIN /var/folders/5_/y4f_1k690s11wbvrfg0tf09h0000gn/T//vpx-conf-5325-16814.c
     1	int main(void) {return 0;}
END /var/folders/5_/y4f_1k690s11wbvrfg0tf09h0000gn/T//vpx-conf-5325-16814.c
gcc -isysroot /Library/Developer/CommandLineTools/SDKs/MacOSX.sdk -arch arm64 -march=armv8-a -DNDEBUG -O3 -fPIC -Wall -Wdisabled-optimization -Wextra-semi -Wextra-semi-stmt -Wfloat-conversion -Wformat=2 -Wparentheses-equality -Wpointer-arith -Wtype-limits -Wcast-qual -Wvla -Wimplicit-function-declaration -Wmissing-declarations -Wmissing-prototypes -Wshadow -Wstrict-prototypes -Wuninitialized -Wunreachable-code-aggressive -Wunused -Wextra -Wundef -Wframe-larger-than=52000 -std=gnu99 -Wshorten-64-to-32 -flax-vector-conversions=none -c -o /var/folders/5_/y4f_1k690s11wbvrfg0tf09h0000gn/T//vpx-conf-5325-16814.o /var/folders/5_/y4f_1k690s11wbvrfg0tf09h0000gn/T//vpx-conf-5325-16814.c
g++ -isysroot /Library/Developer/CommandLineTools/SDKs/MacOSX.sdk -arch arm64 -o /var/folders/5_/y4f_1k690s11wbvrfg0tf09h0000gn/T//vpx-conf-5325-16814.x /var/folders/5_/y4f_1k690s11wbvrfg0tf09h0000gn/T//vpx-conf-5325-16814.o -lpthread
check_header pthread.h
check_cpp
BEGIN /var/folders/5_/y4f_1k690s11wbvrfg0tf09h0000gn/T//vpx-conf-5325-16814.c
     1	#include "pthread.h"
     2	int x;
END /var/folders/5_/y4f_1k690s11wbvrfg0tf09h0000gn/T//vpx-conf-5325-16814.c
gcc -isysroot /Library/Developer/CommandLineTools/SDKs/MacOSX.sdk -arch arm64 -march=armv8-a -DNDEBUG -O3 -fPIC -Wall -Wdisabled-optimization -Wextra-semi -Wextra-semi-stmt -Wfloat-conversion -Wformat=2 -Wparentheses-equality -Wpointer-arith -Wtype-limits -Wcast-qual -Wvla -Wimplicit-function-declaration -Wmissing-declarations -Wmissing-prototypes -Wshadow -Wstrict-prototypes -Wuninitialized -Wunreachable-code-aggressive -Wunused -Wextra -Wundef -Wframe-larger-than=52000 -std=gnu99 -Wshorten-64-to-32 -flax-vector-conversions=none -E -o /var/folders/5_/y4f_1k690s11wbvrfg0tf09h0000gn/T//vpx-conf-5325-16814.o /var/folders/5_/y4f_1k690s11wbvrfg0tf09h0000gn/T//vpx-conf-5325-16814.c
check_lib -lpthread
check_cc -lpthread
BEGIN /var/folders/5_/y4f_1k690s11wbvrfg0tf09h0000gn/T//vpx-conf-5325-16814.c
     1	#include <pthread.h>
     2	#include <stddef.h>
     3	int main(void) { return pthread_create(NULL, NULL, NULL, NULL); }
END /var/folders/5_/y4f_1k690s11wbvrfg0tf09h0000gn/T//vpx-conf-5325-16814.c
gcc -isysroot /Library/Developer/CommandLineTools/SDKs/MacOSX.sdk -arch arm64 -march=armv8-a -DNDEBUG -O3 -fPIC -Wall -Wdisabled-optimization -Wextra-semi -Wextra-semi-stmt -Wfloat-conversion -Wformat=2 -Wparentheses-equality -Wpointer-arith -Wtype-limits -Wcast-qual -Wvla -Wimplicit-function-declaration -Wmissing-declarations -Wmissing-prototypes -Wshadow -Wstrict-prototypes -Wuninitialized -Wunreachable-code-aggressive -Wunused -Wextra -Wundef -Wframe-larger-than=52000 -std=gnu99 -Wshorten-64-to-32 -flax-vector-conversions=none -lpthread -c -o /var/folders/5_/y4f_1k690s11wbvrfg0tf09h0000gn/T//vpx-conf-5325-16814.o /var/folders/5_/y4f_1k690s11wbvrfg0tf09h0000gn/T//vpx-conf-5325-16814.c
clang: warning: -lpthread: 'linker' input unused [-Wunused-command-line-argument]
/var/folders/5_/y4f_1k690s11wbvrfg0tf09h0000gn/T//vpx-conf-5325-16814.c:3:40: warning: null passed to a callee that requires a non-null argument [-Wnonnull]
    3 | int main(void) { return pthread_create(NULL, NULL, NULL, NULL); }
      |                                        ^~~~
/Library/Developer/CommandLineTools/usr/lib/clang/17/include/__stddef_null.h:26:14: note: expanded from macro 'NULL'
   26 | #define NULL ((void*)0)
      |              ^~~~~~~~~~
/var/folders/5_/y4f_1k690s11wbvrfg0tf09h0000gn/T//vpx-conf-5325-16814.c:3:52: warning: null passed to a callee that requires a non-null argument [-Wnonnull]
    3 | int main(void) { return pthread_create(NULL, NULL, NULL, NULL); }
      |                                                    ^~~~
/Library/Developer/CommandLineTools/usr/lib/clang/17/include/__stddef_null.h:26:14: note: expanded from macro 'NULL'
   26 | #define NULL ((void*)0)
      |              ^~~~~~~~~~
2 warnings generated.
g++ -isysroot /Library/Developer/CommandLineTools/SDKs/MacOSX.sdk -arch arm64 -o /var/folders/5_/y4f_1k690s11wbvrfg0tf09h0000gn/T//vpx-conf-5325-16814.x /var/folders/5_/y4f_1k690s11wbvrfg0tf09h0000gn/T//vpx-conf-5325-16814.o -lpthread -lpthread
ld: warning: ignoring duplicate libraries: '-lpthread'
check_header unistd.h
check_cpp
BEGIN /var/folders/5_/y4f_1k690s11wbvrfg0tf09h0000gn/T//vpx-conf-5325-16814.c
     1	#include "unistd.h"
     2	int x;
END /var/folders/5_/y4f_1k690s11wbvrfg0tf09h0000gn/T//vpx-conf-5325-16814.c
gcc -isysroot /Library/Developer/CommandLineTools/SDKs/MacOSX.sdk -arch arm64 -march=armv8-a -DNDEBUG -O3 -fPIC -Wall -Wdisabled-optimization -Wextra-semi -Wextra-semi-stmt -Wfloat-conversion -Wformat=2 -Wparentheses-equality -Wpointer-arith -Wtype-limits -Wcast-qual -Wvla -Wimplicit-function-declaration -Wmissing-declarations -Wmissing-prototypes -Wshadow -Wstrict-prototypes -Wuninitialized -Wunreachable-code-aggressive -Wunused -Wextra -Wundef -Wframe-larger-than=52000 -std=gnu99 -Wshorten-64-to-32 -flax-vector-conversions=none -E -o /var/folders/5_/y4f_1k690s11wbvrfg0tf09h0000gn/T//vpx-conf-5325-16814.o /var/folders/5_/y4f_1k690s11wbvrfg0tf09h0000gn/T//vpx-conf-5325-16814.c
check_header vpx/vpx_integer.h -I/Users/hypernewbie/code/vvpx/libvpx_neon_build_final
check_cpp -I/Users/hypernewbie/code/vvpx/libvpx_neon_build_final
BEGIN /var/folders/5_/y4f_1k690s11wbvrfg0tf09h0000gn/T//vpx-conf-5325-16814.c
     1	#include "vpx/vpx_integer.h"
     2	int x;
END /var/folders/5_/y4f_1k690s11wbvrfg0tf09h0000gn/T//vpx-conf-5325-16814.c
gcc -isysroot /Library/Developer/CommandLineTools/SDKs/MacOSX.sdk -arch arm64 -march=armv8-a -DNDEBUG -O3 -fPIC -Wall -Wdisabled-optimization -Wextra-semi -Wextra-semi-stmt -Wfloat-conversion -Wformat=2 -Wparentheses-equality -Wpointer-arith -Wtype-limits -Wcast-qual -Wvla -Wimplicit-function-declaration -Wmissing-declarations -Wmissing-prototypes -Wshadow -Wstrict-prototypes -Wuninitialized -Wunreachable-code-aggressive -Wunused -Wextra -Wundef -Wframe-larger-than=52000 -std=gnu99 -Wshorten-64-to-32 -flax-vector-conversions=none -I/Users/hypernewbie/code/vvpx/libvpx_neon_build_final -E -o /var/folders/5_/y4f_1k690s11wbvrfg0tf09h0000gn/T//vpx-conf-5325-16814.o /var/folders/5_/y4f_1k690s11wbvrfg0tf09h0000gn/T//vpx-conf-5325-16814.c
check_header arm_neon.h
check_cpp
BEGIN /var/folders/5_/y4f_1k690s11wbvrfg0tf09h0000gn/T//vpx-conf-5325-16814.c
     1	#include "arm_neon.h"
     2	int x;
END /var/folders/5_/y4f_1k690s11wbvrfg0tf09h0000gn/T//vpx-conf-5325-16814.c
gcc -isysroot /Library/Developer/CommandLineTools/SDKs/MacOSX.sdk -arch arm64 -march=armv8-a -DNDEBUG -O3 -fPIC -Wall -Wdisabled-optimization -Wextra-semi -Wextra-semi-stmt -Wfloat-conversion -Wformat=2 -Wparentheses-equality -Wpointer-arith -Wtype-limits -Wcast-qual -Wvla -Wimplicit-function-declaration -Wmissing-declarations -Wmissing-prototypes -Wshadow -Wstrict-prototypes -Wuninitialized -Wunreachable-code-aggressive -Wunused -Wextra -Wundef -Wframe-larger-than=52000 -std=gnu99 -Wshorten-64-to-32 -flax-vector-conversions=none -E -o /var/folders/5_/y4f_1k690s11wbvrfg0tf09h0000gn/T//vpx-conf-5325-16814.o /var/folders/5_/y4f_1k690s11wbvrfg0tf09h0000gn/T//vpx-conf-5325-16814.c
